2023-02-01 09:58:40.942 [info] Log level: Info
2023-02-01 09:58:40.942 [info] Validating found git in: "git"
2023-02-01 09:58:40.942 [info] Using git "2.38.1" from "git"
2023-02-01 09:58:40.942 [info] > git rev-parse --show-toplevel [145ms]
2023-02-01 09:58:40.942 [info] fatal: not a git repository (or any of the parent directories): .git
2023-02-01 09:58:40.942 [info] > git rev-parse --show-toplevel [4ms]
2023-02-01 09:58:40.942 [info] > git rev-parse --git-dir --git-common-dir [2ms]
2023-02-01 09:58:40.943 [info] Open repository: /home/Zining/public_html/module2-individual-AnsatzZ
2023-02-01 09:58:40.943 [info] > git config --get commit.template [11ms]
2023-02-01 09:58:40.943 [info] > git rev-parse --show-toplevel [27ms]
2023-02-01 09:58:40.943 [info] > git rev-parse --git-dir --git-common-dir [17ms]
2023-02-01 09:58:40.943 [info] Open repository: /home/Zining/public_html/module2-group-module2_maru
2023-02-01 09:58:40.943 [info] > git for-each-ref --format=%(refname)%00%(upstream:short)%00%(objectname)%00%(upstream:track)%00%(upstream:remotename)%00%(upstream:remoteref) refs/heads/master refs/remotes/master [72ms]
2023-02-01 09:58:40.943 [info] > git status -z -uall [19ms]
2023-02-01 09:58:40.943 [info] > git config --get commit.template [38ms]
2023-02-01 09:58:40.943 [info] > git for-each-ref --sort -committerdate --format %(refname) %(objectname) %(*objectname) [25ms]
2023-02-01 09:58:40.943 [info] > git for-each-ref --format=%(refname)%00%(upstream:short)%00%(objectname)%00%(upstream:track)%00%(upstream:remotename)%00%(upstream:remoteref) refs/heads/master refs/remotes/master [55ms]
2023-02-01 09:58:40.943 [info] > git status -z -uall [101ms]
2023-02-01 09:58:40.943 [info] > git config --get commit.template [122ms]
2023-02-01 09:58:40.943 [info] > git for-each-ref --sort -committerdate --format %(refname) %(objectname) %(*objectname) [105ms]
2023-02-01 09:58:40.943 [info] > git rev-parse --show-toplevel [72ms]
2023-02-01 09:58:40.943 [info] fatal: not a git repository (or any of the parent directories): .git
2023-02-01 09:58:40.943 [info] > git config --get commit.template [9ms]
2023-02-01 09:58:40.943 [info] > git for-each-ref --format=%(refname)%00%(upstream:short)%00%(objectname)%00%(upstream:track)%00%(upstream:remotename)%00%(upstream:remoteref) refs/heads/master refs/remotes/master [25ms]
2023-02-01 09:58:40.943 [info] > git status -z -uall [32ms]
2023-02-01 09:58:40.943 [info] > git for-each-ref --format=%(refname)%00%(upstream:short)%00%(objectname)%00%(upstream:track)%00%(upstream:remotename)%00%(upstream:remoteref) refs/heads/master refs/remotes/master [3ms]
2023-02-01 09:58:40.943 [info] > git for-each-ref --sort -committerdate --format %(refname) %(objectname) %(*objectname) [58ms]
2023-02-01 09:58:40.943 [info] > git status -z -uall [47ms]
2023-02-01 09:58:40.943 [info] > git for-each-ref --sort -committerdate --format %(refname) %(objectname) %(*objectname) [19ms]
2023-02-01 09:58:40.943 [info] > git fetch [809ms]
2023-02-01 09:58:40.943 [info] Missing or invalid credentials.
Skip silent fetch commands
Missing or invalid credentials.
Skip silent fetch commands
remote: Repository not found.
fatal: Authentication failed for 'https://github.com/cse330-spring-2023/module2-group-module2_maru.git/'
2023-02-01 09:58:40.943 [info] > git fetch [894ms]
2023-02-01 09:58:40.943 [info] Missing or invalid credentials.
Skip silent fetch commands
Missing or invalid credentials.
Skip silent fetch commands
remote: Repository not found.
fatal: Authentication failed for 'https://github.com/cse330-spring-2023/module2-individual-AnsatzZ.git/'
2023-02-01 09:58:40.943 [info] > git rev-parse --show-toplevel [245ms]
2023-02-01 09:58:40.943 [info] fatal: not a git repository (or any of the parent directories): .git
2023-02-01 09:58:40.943 [info] > git rev-parse --show-toplevel [7ms]
2023-02-01 09:58:40.943 [info] fatal: not a git repository (or any of the parent directories): .git
2023-02-01 09:58:40.963 [info] > git show --textconv :phpCala.html [6ms]
2023-02-01 09:58:40.973 [info] > git ls-files --stage -- /home/Zining/public_html/module2-individual-AnsatzZ/phpCala.html [10ms]
2023-02-01 09:58:40.985 [info] > git cat-file -s c2b1e15b95131038386ba0b130419c1848795102 [4ms]
2023-02-01 09:58:41.248 [info] > git check-ignore -v -z --stdin [6ms]
2023-02-01 09:58:41.251 [info] > git check-ignore -v -z --stdin [5ms]
2023-02-01 09:58:41.769 [info] > git config --get commit.template [10ms]
2023-02-01 09:58:41.770 [info] > git for-each-ref --format=%(refname)%00%(upstream:short)%00%(objectname)%00%(upstream:track)%00%(upstream:remotename)%00%(upstream:remoteref) refs/heads/master refs/remotes/master [7ms]
2023-02-01 09:58:41.778 [info] > git status -z -uall [5ms]
2023-02-01 09:58:41.779 [info] > git config --get commit.template [10ms]
2023-02-01 09:58:41.783 [info] > git for-each-ref --sort -committerdate --format %(refname) %(objectname) %(*objectname) [6ms]
2023-02-01 09:58:41.789 [info] > git for-each-ref --format=%(refname)%00%(upstream:short)%00%(objectname)%00%(upstream:track)%00%(upstream:remotename)%00%(upstream:remoteref) refs/heads/master refs/remotes/master [7ms]
2023-02-01 09:58:41.796 [info] > git status -z -uall [4ms]
2023-02-01 09:58:41.799 [info] > git for-each-ref --sort -committerdate --format %(refname) %(objectname) %(*objectname) [4ms]
2023-02-01 09:58:41.907 [info] > git ls-files --stage -- /home/Zining/public_html/module2-individual-AnsatzZ/phpCala.html [2ms]
2023-02-01 09:58:41.911 [info] > git cat-file -s c2b1e15b95131038386ba0b130419c1848795102 [2ms]
2023-02-01 09:58:41.969 [info] > git show --textconv :phpCala.html [3ms]
