0 verbose cli /usr/bin/node /usr/bin/npm
1 info using npm@8.19.3
2 info using node@v16.19.1
3 timing npm:load:whichnode Completed in 1ms
4 timing config:load:defaults Completed in 2ms
5 timing config:load:file:/usr/lib/node_modules/npm/npmrc Completed in 18ms
6 timing config:load:builtin Completed in 18ms
7 timing config:load:cli Completed in 6ms
8 timing config:load:env Completed in 1ms
9 timing config:load:project Completed in 1ms
10 timing config:load:file:/home/Zining/.npmrc Completed in 0ms
11 timing config:load:user Completed in 0ms
12 timing config:load:file:/usr/etc/npmrc Completed in 0ms
13 timing config:load:global Completed in 0ms
14 timing config:load:validate Completed in 1ms
15 timing config:load:credentials Completed in 1ms
16 timing config:load:setEnvs Completed in 1ms
17 timing config:load Completed in 32ms
18 timing npm:load:configload Completed in 32ms
19 timing npm:load:mkdirpcache Completed in 1ms
20 timing npm:load:mkdirplogs Completed in 1ms
21 verbose title npm init
22 verbose argv "init"
23 timing npm:load:setTitle Completed in 1ms
24 timing config:load:flatten Completed in 5ms
25 timing npm:load:display Completed in 7ms
26 verbose logfile logs-max:10 dir:/home/Zining/.npm/_logs
27 verbose logfile /home/Zining/.npm/_logs/2023-03-27T17_24_33_318Z-debug-0.log
28 timing npm:load:logFile Completed in 7ms
29 timing npm:load:timers Completed in 0ms
30 timing npm:load:configScope Completed in 0ms
31 timing npm:load Completed in 50ms
32 silly logfile done cleaning log files
33 silly package data {
33 silly package data   dependencies: { mime: '^3.0.0' },
33 silly package data   name: 'new1',
33 silly package data   version: '1.0.0',
33 silly package data   main: 'hello.js',
33 silly package data   devDependencies: {},
33 silly package data   scripts: { test: 'echo "Error: no test specified" && exit 1' },
33 silly package data   author: '',
33 silly package data   license: 'ISC',
33 silly package data   description: '',
33 silly package data   [Symbol(newline)]: '\n',
33 silly package data   [Symbol(indent)]: '  '
33 silly package data }
34 info init written successfully
35 timing command:init Completed in 15716ms
36 verbose exit 0
37 timing npm Completed in 15867ms
38 info ok
