2023-02-09 12:43:25.047 [info] Log level: Info
2023-02-09 12:43:25.047 [info] Validating found git in: "git"
2023-02-09 12:43:25.047 [info] Using git "2.38.1" from "git"
2023-02-09 12:43:25.047 [info] > git rev-parse --show-toplevel [146ms]
2023-02-09 12:43:25.047 [info] fatal: not a git repository (or any of the parent directories): .git
2023-02-09 12:43:25.047 [info] > git rev-parse --show-toplevel [19ms]
2023-02-09 12:43:25.047 [info] > git rev-parse --git-dir --git-common-dir [4ms]
2023-02-09 12:43:25.047 [info] Open repository: /home/Zining/public_html/module2-group-module2_maru
2023-02-09 12:43:25.047 [info] > git rev-parse --show-toplevel [12ms]
2023-02-09 12:43:25.047 [info] > git config --get commit.template [11ms]
2023-02-09 12:43:25.047 [info] > git rev-parse --git-dir --git-common-dir [2ms]
2023-02-09 12:43:25.047 [info] Open repository: /home/Zining/public_html/module2-individual-AnsatzZ
2023-02-09 12:43:25.047 [info] > git for-each-ref --format=%(refname)%00%(upstream:short)%00%(objectname)%00%(upstream:track)%00%(upstream:remotename)%00%(upstream:remoteref) refs/heads/master refs/remotes/master [37ms]
2023-02-09 12:43:25.047 [info] > git config --get commit.template [27ms]
2023-02-09 12:43:25.047 [info] > git rev-parse --show-toplevel [37ms]
2023-02-09 12:43:25.047 [info] fatal: not a git repository (or any of the parent directories): .git
2023-02-09 12:43:25.047 [info] > git status -z -uall [22ms]
2023-02-09 12:43:25.047 [info] > git for-each-ref --sort -committerdate --format %(refname) %(objectname) %(*objectname) [10ms]
2023-02-09 12:43:25.047 [info] > git rev-parse --show-toplevel [66ms]
2023-02-09 12:43:25.047 [info] fatal: not a git repository (or any of the parent directories): .git
2023-02-09 12:43:25.047 [info] > git config --get commit.template [6ms]
2023-02-09 12:43:25.047 [info] > git for-each-ref --format=%(refname)%00%(upstream:short)%00%(objectname)%00%(upstream:track)%00%(upstream:remotename)%00%(upstream:remoteref) refs/heads/master refs/remotes/master [12ms]
2023-02-09 12:43:25.047 [info] > git rev-parse --show-toplevel [19ms]
2023-02-09 12:43:25.047 [info] fatal: not a git repository (or any of the parent directories): .git
2023-02-09 12:43:25.047 [info] > git status -z -uall [41ms]
2023-02-09 12:43:25.047 [info] > git for-each-ref --sort -committerdate --format %(refname) %(objectname) %(*objectname) [28ms]
2023-02-09 12:43:25.047 [info] > git for-each-ref --format=%(refname)%00%(upstream:short)%00%(objectname)%00%(upstream:track)%00%(upstream:remotename)%00%(upstream:remoteref) refs/heads/master refs/remotes/master [48ms]
2023-02-09 12:43:25.047 [info] > git status -z -uall [14ms]
2023-02-09 12:43:25.047 [info] > git config --get commit.template [21ms]
2023-02-09 12:43:25.047 [info] > git for-each-ref --sort -committerdate --format %(refname) %(objectname) %(*objectname) [16ms]
2023-02-09 12:43:25.047 [info] > git for-each-ref --format=%(refname)%00%(upstream:short)%00%(objectname)%00%(upstream:track)%00%(upstream:remotename)%00%(upstream:remoteref) refs/heads/master refs/remotes/master [21ms]
2023-02-09 12:43:25.047 [info] > git status -z -uall [139ms]
2023-02-09 12:43:25.047 [info] > git for-each-ref --sort -committerdate --format %(refname) %(objectname) %(*objectname) [211ms]
2023-02-09 12:43:25.047 [info] > git fetch [561ms]
2023-02-09 12:43:25.047 [info] Missing or invalid credentials.
Skip silent fetch commands
Missing or invalid credentials.
Skip silent fetch commands
remote: Repository not found.
fatal: Authentication failed for 'https://github.com/cse330-spring-2023/module2-individual-AnsatzZ.git/'
2023-02-09 12:43:25.047 [info] > git fetch [603ms]
2023-02-09 12:43:25.047 [info] Missing or invalid credentials.
Skip silent fetch commands
Missing or invalid credentials.
Skip silent fetch commands
remote: Repository not found.
fatal: Authentication failed for 'https://github.com/cse330-spring-2023/module2-group-module2_maru.git/'
2023-02-09 12:43:25.047 [info] > git config --get commit.template [9ms]
2023-02-09 12:43:25.047 [info] > git config --get commit.template [25ms]
2023-02-09 12:43:25.047 [info] > git for-each-ref --format=%(refname)%00%(upstream:short)%00%(objectname)%00%(upstream:track)%00%(upstream:remotename)%00%(upstream:remoteref) refs/heads/master refs/remotes/master [10ms]
2023-02-09 12:43:25.047 [info] > git status -z -uall [10ms]
2023-02-09 12:43:25.047 [info] > git for-each-ref --format=%(refname)%00%(upstream:short)%00%(objectname)%00%(upstream:track)%00%(upstream:remotename)%00%(upstream:remoteref) refs/heads/master refs/remotes/master [19ms]
2023-02-09 12:43:25.047 [info] > git status -z -uall [5ms]
2023-02-09 12:43:25.047 [info] > git for-each-ref --sort -committerdate --format %(refname) %(objectname) %(*objectname) [17ms]
2023-02-09 12:43:25.047 [info] > git for-each-ref --sort -committerdate --format %(refname) %(objectname) %(*objectname) [10ms]
2023-02-09 12:43:25.047 [info] > git rev-parse --show-toplevel [6ms]
2023-02-09 12:43:25.047 [info] fatal: not a git repository (or any of the parent directories): .git
2023-02-09 12:43:25.047 [info] > git rev-parse --show-toplevel [9ms]
2023-02-09 12:43:25.047 [info] fatal: not a git repository (or any of the parent directories): .git
2023-02-09 12:43:25.047 [info] > git rev-parse --show-toplevel [10ms]
2023-02-09 12:43:25.047 [info] fatal: not a git repository (or any of the parent directories): .git
2023-02-09 12:43:25.047 [info] > git check-ignore -v -z --stdin [7ms]
2023-02-09 12:43:25.047 [info] > git check-ignore -v -z --stdin [4ms]
2023-02-09 12:43:25.870 [info] > git config --get commit.template [4ms]
2023-02-09 12:43:25.878 [info] > git for-each-ref --format=%(refname)%00%(upstream:short)%00%(objectname)%00%(upstream:track)%00%(upstream:remotename)%00%(upstream:remoteref) refs/heads/master refs/remotes/master [4ms]
2023-02-09 12:43:25.886 [info] > git config --get commit.template [16ms]
2023-02-09 12:43:25.886 [info] > git status -z -uall [5ms]
2023-02-09 12:43:25.887 [info] > git for-each-ref --format=%(refname)%00%(upstream:short)%00%(objectname)%00%(upstream:track)%00%(upstream:remotename)%00%(upstream:remoteref) refs/heads/master refs/remotes/master [10ms]
2023-02-09 12:43:25.895 [info] > git status -z -uall [5ms]
2023-02-09 12:43:25.896 [info] > git for-each-ref --sort -committerdate --format %(refname) %(objectname) %(*objectname) [11ms]
2023-02-09 12:43:25.900 [info] > git for-each-ref --sort -committerdate --format %(refname) %(objectname) %(*objectname) [6ms]
