2023-02-09 12:43:19.348 [info] Extension host with pid 20528 started
2023-02-09 12:43:19.364 [info] Lock '/home/Zining/.vscode-server/data/User/workspaceStorage/bfd2ef3786ee7cc56fa26048f6c30311/vscode.lock': Lock acquired.
2023-02-09 12:43:21.696 [info] ExtensionService#_doActivateExtension vscode.emmet, startup: false, activationEvent: 'onLanguage'
2023-02-09 12:43:21.697 [info] ExtensionService#_doActivateExtension vscode.html-language-features, startup: false, activationEvent: 'onLanguage:html'
2023-02-09 12:43:21.698 [info] ExtensionService#_doActivateExtension vscode.php-language-features, startup: false, activationEvent: 'onLanguage:php'
2023-02-09 12:43:21.698 [info] ExtensionService#_doActivateExtension vscode.git-base, startup: true, activationEvent: '*', root cause: vscode.git
2023-02-09 12:43:22.397 [info] ExtensionService#_doActivateExtension vscode.git, startup: true, activationEvent: '*'
2023-02-09 12:43:22.398 [info] ExtensionService#_doActivateExtension vscode.github, startup: true, activationEvent: '*'
2023-02-09 12:43:23.736 [info] ExtensionService#_doActivateExtension vscode.debug-auto-launch, startup: false, activationEvent: 'onStartupFinished'
2023-02-09 12:43:23.736 [info] ExtensionService#_doActivateExtension vscode.merge-conflict, startup: false, activationEvent: 'onStartupFinished'
2023-02-09 12:43:23.737 [info] Eager extensions activated
2023-02-09 12:43:35.871 [info] Extension host terminating: received terminate message from renderer
2023-02-09 12:43:35.871 [info] Lock '/home/Zining/.vscode-server/data/User/workspaceStorage/bfd2ef3786ee7cc56fa26048f6c30311/vscode.lock': Marking the lockfile as scheduled to be released in 6000 ms.
2023-02-09 12:43:35.894 [error] Canceled: Canceled
	at new u (/home/Zining/.vscode-server/bin/e2816fe719a4026ffa1ee0189dc89bdfdbafb164/out/vs/workbench/api/node/extensionHostProcess.js:96:88070)
	at l.O (/home/Zining/.vscode-server/bin/e2816fe719a4026ffa1ee0189dc89bdfdbafb164/out/vs/workbench/api/node/extensionHostProcess.js:106:11276)
	at Proxy.V.<computed>.M.charCodeAt.V.<computed> (/home/Zining/.vscode-server/bin/e2816fe719a4026ffa1ee0189dc89bdfdbafb164/out/vs/workbench/api/node/extensionHostProcess.js:106:8557)
	at s.g (/home/Zining/.vscode-server/bin/e2816fe719a4026ffa1ee0189dc89bdfdbafb164/out/vs/workbench/api/node/extensionHostProcess.js:96:107430)
	at s.executeCommand (/home/Zining/.vscode-server/bin/e2816fe719a4026ffa1ee0189dc89bdfdbafb164/out/vs/workbench/api/node/extensionHostProcess.js:96:106806)
	at w.registerCommand.description (/home/Zining/.vscode-server/bin/e2816fe719a4026ffa1ee0189dc89bdfdbafb164/out/vs/workbench/api/node/extensionHostProcess.js:96:106099)
	at s.h (/home/Zining/.vscode-server/bin/e2816fe719a4026ffa1ee0189dc89bdfdbafb164/out/vs/workbench/api/node/extensionHostProcess.js:96:108016)
	at s.g (/home/Zining/.vscode-server/bin/e2816fe719a4026ffa1ee0189dc89bdfdbafb164/out/vs/workbench/api/node/extensionHostProcess.js:96:106906)
	at s.executeCommand (/home/Zining/.vscode-server/bin/e2816fe719a4026ffa1ee0189dc89bdfdbafb164/out/vs/workbench/api/node/extensionHostProcess.js:96:106806)
	at Object.executeCommand (/home/Zining/.vscode-server/bin/e2816fe719a4026ffa1ee0189dc89bdfdbafb164/out/vs/workbench/api/node/extensionHostProcess.js:117:30778)
	at D (/home/Zining/.vscode-server/bin/e2816fe719a4026ffa1ee0189dc89bdfdbafb164/extensions/git/dist/main.js:2:2055373)
	at f.invoke (/home/Zining/.vscode-server/bin/e2816fe719a4026ffa1ee0189dc89bdfdbafb164/out/vs/workbench/api/node/extensionHostProcess.js:63:145)
	at g.deliver (/home/Zining/.vscode-server/bin/e2816fe719a4026ffa1ee0189dc89bdfdbafb164/out/vs/workbench/api/node/extensionHostProcess.js:63:2029)
	at d.fire (/home/Zining/.vscode-server/bin/e2816fe719a4026ffa1ee0189dc89bdfdbafb164/out/vs/workbench/api/node/extensionHostProcess.js:63:1667)
	at Object.h [as dispose] (/home/Zining/.vscode-server/bin/e2816fe719a4026ffa1ee0189dc89bdfdbafb164/extensions/git/dist/main.js:2:2070210)
	at /home/Zining/.vscode-server/bin/e2816fe719a4026ffa1ee0189dc89bdfdbafb164/extensions/git/dist/main.js:2:2074183
	at Array.forEach (<anonymous>)
	at g.dispose (/home/Zining/.vscode-server/bin/e2816fe719a4026ffa1ee0189dc89bdfdbafb164/extensions/git/dist/main.js:2:2074169)
	at C.<anonymous> (/home/Zining/.vscode-server/bin/e2816fe719a4026ffa1ee0189dc89bdfdbafb164/out/vs/workbench/api/node/extensionHostProcess.js:94:12431)
	at C.dispose (/home/Zining/.vscode-server/bin/e2816fe719a4026ffa1ee0189dc89bdfdbafb164/out/vs/workbench/api/node/extensionHostProcess.js:94:12566)
	at C.<anonymous> (/home/Zining/.vscode-server/bin/e2816fe719a4026ffa1ee0189dc89bdfdbafb164/extensions/git/dist/main.js:2:2057503)
	at C.dispose (/home/Zining/.vscode-server/bin/e2816fe719a4026ffa1ee0189dc89bdfdbafb164/out/vs/workbench/api/node/extensionHostProcess.js:94:12566)
	at T (/home/Zining/.vscode-server/bin/e2816fe719a4026ffa1ee0189dc89bdfdbafb164/out/vs/workbench/api/node/extensionHostProcess.js:10:12072)
	at f.X (/home/Zining/.vscode-server/bin/e2816fe719a4026ffa1ee0189dc89bdfdbafb164/out/vs/workbench/api/node/extensionHostProcess.js:108:11242)
	at /home/Zining/.vscode-server/bin/e2816fe719a4026ffa1ee0189dc89bdfdbafb164/out/vs/workbench/api/node/extensionHostProcess.js:108:9037
	at Array.map (<anonymous>)
	at f.Q (/home/Zining/.vscode-server/bin/e2816fe719a4026ffa1ee0189dc89bdfdbafb164/out/vs/workbench/api/node/extensionHostProcess.js:108:9024)
	at f.terminate (/home/Zining/.vscode-server/bin/e2816fe719a4026ffa1ee0189dc89bdfdbafb164/out/vs/workbench/api/node/extensionHostProcess.js:108:9298)
	at h.terminate (/home/Zining/.vscode-server/bin/e2816fe719a4026ffa1ee0189dc89bdfdbafb164/out/vs/workbench/api/node/extensionHostProcess.js:112:1397)
	at p (/home/Zining/.vscode-server/bin/e2816fe719a4026ffa1ee0189dc89bdfdbafb164/out/vs/workbench/api/node/extensionHostProcess.js:122:17851)
	at /home/Zining/.vscode-server/bin/e2816fe719a4026ffa1ee0189dc89bdfdbafb164/out/vs/workbench/api/node/extensionHostProcess.js:122:15761
	at f.invoke (/home/Zining/.vscode-server/bin/e2816fe719a4026ffa1ee0189dc89bdfdbafb164/out/vs/workbench/api/node/extensionHostProcess.js:63:145)
	at g.deliver (/home/Zining/.vscode-server/bin/e2816fe719a4026ffa1ee0189dc89bdfdbafb164/out/vs/workbench/api/node/extensionHostProcess.js:63:2029)
	at d.fire (/home/Zining/.vscode-server/bin/e2816fe719a4026ffa1ee0189dc89bdfdbafb164/out/vs/workbench/api/node/extensionHostProcess.js:63:1667)
	at p.fire (/home/Zining/.vscode-server/bin/e2816fe719a4026ffa1ee0189dc89bdfdbafb164/out/vs/workbench/api/node/extensionHostProcess.js:72:14861)
	at t.E (/home/Zining/.vscode-server/bin/e2816fe719a4026ffa1ee0189dc89bdfdbafb164/out/vs/workbench/api/node/extensionHostProcess.js:72:18927)
	at /home/Zining/.vscode-server/bin/e2816fe719a4026ffa1ee0189dc89bdfdbafb164/out/vs/workbench/api/node/extensionHostProcess.js:72:16915
	at f.invoke (/home/Zining/.vscode-server/bin/e2816fe719a4026ffa1ee0189dc89bdfdbafb164/out/vs/workbench/api/node/extensionHostProcess.js:63:145)
	at g.deliver (/home/Zining/.vscode-server/bin/e2816fe719a4026ffa1ee0189dc89bdfdbafb164/out/vs/workbench/api/node/extensionHostProcess.js:63:2029)
	at d.fire (/home/Zining/.vscode-server/bin/e2816fe719a4026ffa1ee0189dc89bdfdbafb164/out/vs/workbench/api/node/extensionHostProcess.js:63:1667)
	at h.acceptChunk (/home/Zining/.vscode-server/bin/e2816fe719a4026ffa1ee0189dc89bdfdbafb164/out/vs/workbench/api/node/extensionHostProcess.js:72:12592)
	at /home/Zining/.vscode-server/bin/e2816fe719a4026ffa1ee0189dc89bdfdbafb164/out/vs/workbench/api/node/extensionHostProcess.js:72:11879
	at f.invoke (/home/Zining/.vscode-server/bin/e2816fe719a4026ffa1ee0189dc89bdfdbafb164/out/vs/workbench/api/node/extensionHostProcess.js:63:145)
	at g.deliver (/home/Zining/.vscode-server/bin/e2816fe719a4026ffa1ee0189dc89bdfdbafb164/out/vs/workbench/api/node/extensionHostProcess.js:63:2029)
	at d.fire (/home/Zining/.vscode-server/bin/e2816fe719a4026ffa1ee0189dc89bdfdbafb164/out/vs/workbench/api/node/extensionHostProcess.js:63:1667)
	at d.t (/home/Zining/.vscode-server/bin/e2816fe719a4026ffa1ee0189dc89bdfdbafb164/out/vs/workbench/api/node/extensionHostProcess.js:72:28518) setContext undefined
2023-02-09 12:43:35.894 [error] Canceled: Canceled
	at new u (/home/Zining/.vscode-server/bin/e2816fe719a4026ffa1ee0189dc89bdfdbafb164/out/vs/workbench/api/node/extensionHostProcess.js:96:88070)
	at l.O (/home/Zining/.vscode-server/bin/e2816fe719a4026ffa1ee0189dc89bdfdbafb164/out/vs/workbench/api/node/extensionHostProcess.js:106:11276)
	at Proxy.V.<computed>.M.charCodeAt.V.<computed> (/home/Zining/.vscode-server/bin/e2816fe719a4026ffa1ee0189dc89bdfdbafb164/out/vs/workbench/api/node/extensionHostProcess.js:106:8557)
	at s.g (/home/Zining/.vscode-server/bin/e2816fe719a4026ffa1ee0189dc89bdfdbafb164/out/vs/workbench/api/node/extensionHostProcess.js:96:107430)
	at s.executeCommand (/home/Zining/.vscode-server/bin/e2816fe719a4026ffa1ee0189dc89bdfdbafb164/out/vs/workbench/api/node/extensionHostProcess.js:96:106806)
	at w.registerCommand.description (/home/Zining/.vscode-server/bin/e2816fe719a4026ffa1ee0189dc89bdfdbafb164/out/vs/workbench/api/node/extensionHostProcess.js:96:106099)
	at s.h (/home/Zining/.vscode-server/bin/e2816fe719a4026ffa1ee0189dc89bdfdbafb164/out/vs/workbench/api/node/extensionHostProcess.js:96:108016)
	at s.g (/home/Zining/.vscode-server/bin/e2816fe719a4026ffa1ee0189dc89bdfdbafb164/out/vs/workbench/api/node/extensionHostProcess.js:96:106906)
	at s.executeCommand (/home/Zining/.vscode-server/bin/e2816fe719a4026ffa1ee0189dc89bdfdbafb164/out/vs/workbench/api/node/extensionHostProcess.js:96:106806)
	at Object.executeCommand (/home/Zining/.vscode-server/bin/e2816fe719a4026ffa1ee0189dc89bdfdbafb164/out/vs/workbench/api/node/extensionHostProcess.js:117:30778)
	at D (/home/Zining/.vscode-server/bin/e2816fe719a4026ffa1ee0189dc89bdfdbafb164/extensions/git/dist/main.js:2:2055373)
	at f.invoke (/home/Zining/.vscode-server/bin/e2816fe719a4026ffa1ee0189dc89bdfdbafb164/out/vs/workbench/api/node/extensionHostProcess.js:63:145)
	at g.deliver (/home/Zining/.vscode-server/bin/e2816fe719a4026ffa1ee0189dc89bdfdbafb164/out/vs/workbench/api/node/extensionHostProcess.js:63:2029)
	at d.fire (/home/Zining/.vscode-server/bin/e2816fe719a4026ffa1ee0189dc89bdfdbafb164/out/vs/workbench/api/node/extensionHostProcess.js:63:1667)
	at Object.h [as dispose] (/home/Zining/.vscode-server/bin/e2816fe719a4026ffa1ee0189dc89bdfdbafb164/extensions/git/dist/main.js:2:2070210)
	at /home/Zining/.vscode-server/bin/e2816fe719a4026ffa1ee0189dc89bdfdbafb164/extensions/git/dist/main.js:2:2074183
	at Array.forEach (<anonymous>)
	at g.dispose (/home/Zining/.vscode-server/bin/e2816fe719a4026ffa1ee0189dc89bdfdbafb164/extensions/git/dist/main.js:2:2074169)
	at C.<anonymous> (/home/Zining/.vscode-server/bin/e2816fe719a4026ffa1ee0189dc89bdfdbafb164/out/vs/workbench/api/node/extensionHostProcess.js:94:12431)
	at C.dispose (/home/Zining/.vscode-server/bin/e2816fe719a4026ffa1ee0189dc89bdfdbafb164/out/vs/workbench/api/node/extensionHostProcess.js:94:12566)
	at C.<anonymous> (/home/Zining/.vscode-server/bin/e2816fe719a4026ffa1ee0189dc89bdfdbafb164/extensions/git/dist/main.js:2:2057503)
	at C.dispose (/home/Zining/.vscode-server/bin/e2816fe719a4026ffa1ee0189dc89bdfdbafb164/out/vs/workbench/api/node/extensionHostProcess.js:94:12566)
	at T (/home/Zining/.vscode-server/bin/e2816fe719a4026ffa1ee0189dc89bdfdbafb164/out/vs/workbench/api/node/extensionHostProcess.js:10:12072)
	at f.X (/home/Zining/.vscode-server/bin/e2816fe719a4026ffa1ee0189dc89bdfdbafb164/out/vs/workbench/api/node/extensionHostProcess.js:108:11242)
	at /home/Zining/.vscode-server/bin/e2816fe719a4026ffa1ee0189dc89bdfdbafb164/out/vs/workbench/api/node/extensionHostProcess.js:108:9037
	at Array.map (<anonymous>)
	at f.Q (/home/Zining/.vscode-server/bin/e2816fe719a4026ffa1ee0189dc89bdfdbafb164/out/vs/workbench/api/node/extensionHostProcess.js:108:9024)
	at f.terminate (/home/Zining/.vscode-server/bin/e2816fe719a4026ffa1ee0189dc89bdfdbafb164/out/vs/workbench/api/node/extensionHostProcess.js:108:9298)
	at h.terminate (/home/Zining/.vscode-server/bin/e2816fe719a4026ffa1ee0189dc89bdfdbafb164/out/vs/workbench/api/node/extensionHostProcess.js:112:1397)
	at p (/home/Zining/.vscode-server/bin/e2816fe719a4026ffa1ee0189dc89bdfdbafb164/out/vs/workbench/api/node/extensionHostProcess.js:122:17851)
	at /home/Zining/.vscode-server/bin/e2816fe719a4026ffa1ee0189dc89bdfdbafb164/out/vs/workbench/api/node/extensionHostProcess.js:122:15761
	at f.invoke (/home/Zining/.vscode-server/bin/e2816fe719a4026ffa1ee0189dc89bdfdbafb164/out/vs/workbench/api/node/extensionHostProcess.js:63:145)
	at g.deliver (/home/Zining/.vscode-server/bin/e2816fe719a4026ffa1ee0189dc89bdfdbafb164/out/vs/workbench/api/node/extensionHostProcess.js:63:2029)
	at d.fire (/home/Zining/.vscode-server/bin/e2816fe719a4026ffa1ee0189dc89bdfdbafb164/out/vs/workbench/api/node/extensionHostProcess.js:63:1667)
	at p.fire (/home/Zining/.vscode-server/bin/e2816fe719a4026ffa1ee0189dc89bdfdbafb164/out/vs/workbench/api/node/extensionHostProcess.js:72:14861)
	at t.E (/home/Zining/.vscode-server/bin/e2816fe719a4026ffa1ee0189dc89bdfdbafb164/out/vs/workbench/api/node/extensionHostProcess.js:72:18927)
	at /home/Zining/.vscode-server/bin/e2816fe719a4026ffa1ee0189dc89bdfdbafb164/out/vs/workbench/api/node/extensionHostProcess.js:72:16915
	at f.invoke (/home/Zining/.vscode-server/bin/e2816fe719a4026ffa1ee0189dc89bdfdbafb164/out/vs/workbench/api/node/extensionHostProcess.js:63:145)
	at g.deliver (/home/Zining/.vscode-server/bin/e2816fe719a4026ffa1ee0189dc89bdfdbafb164/out/vs/workbench/api/node/extensionHostProcess.js:63:2029)
	at d.fire (/home/Zining/.vscode-server/bin/e2816fe719a4026ffa1ee0189dc89bdfdbafb164/out/vs/workbench/api/node/extensionHostProcess.js:63:1667)
	at h.acceptChunk (/home/Zining/.vscode-server/bin/e2816fe719a4026ffa1ee0189dc89bdfdbafb164/out/vs/workbench/api/node/extensionHostProcess.js:72:12592)
	at /home/Zining/.vscode-server/bin/e2816fe719a4026ffa1ee0189dc89bdfdbafb164/out/vs/workbench/api/node/extensionHostProcess.js:72:11879
	at f.invoke (/home/Zining/.vscode-server/bin/e2816fe719a4026ffa1ee0189dc89bdfdbafb164/out/vs/workbench/api/node/extensionHostProcess.js:63:145)
	at g.deliver (/home/Zining/.vscode-server/bin/e2816fe719a4026ffa1ee0189dc89bdfdbafb164/out/vs/workbench/api/node/extensionHostProcess.js:63:2029)
	at d.fire (/home/Zining/.vscode-server/bin/e2816fe719a4026ffa1ee0189dc89bdfdbafb164/out/vs/workbench/api/node/extensionHostProcess.js:63:1667)
	at d.t (/home/Zining/.vscode-server/bin/e2816fe719a4026ffa1ee0189dc89bdfdbafb164/out/vs/workbench/api/node/extensionHostProcess.js:72:28518) setContext undefined
2023-02-09 12:43:35.905 [info] Extension host with pid 20528 exiting with code 0
